[INFO] Scanning for projects...
[INFO] 
[INFO] ----------------------< com.example:product-api >-----------------------
[INFO] Building product-api 0.0.1-SNAPSHOT
[INFO]   from pom.xml
[INFO] --------------------------------[ jar ]---------------------------------
[INFO] 
[INFO] >>> spring-boot:3.3.5:run (default-cli) > test-compile @ product-api >>>
[INFO] 
[INFO] --- resources:3.3.1:resources (default-resources) @ product-api ---
[INFO] Copying 1 resource from src/main/resources to target/classes
[INFO] Copying 0 resource from src/main/resources to target/classes
[INFO] 
[INFO] --- compiler:3.13.0:compile (default-compile) @ product-api ---
[INFO] Nothing to compile - all classes are up to date.
[INFO] 
[INFO] --- resources:3.3.1:testResources (default-testResources) @ product-api ---
[INFO] skip non existing resourceDirectory /home/jersyy/eai/2/product-api/src/test/resources
[INFO] 
[INFO] --- compiler:3.13.0:testCompile (default-testCompile) @ product-api ---
[INFO] Nothing to compile - all classes are up to date.
[INFO] 
[INFO] <<< spring-boot:3.3.5:run (default-cli) < test-compile @ product-api <<<
[INFO] 
[INFO] 
[INFO] --- spring-boot:3.3.5:run (default-cli) @ product-api ---
[INFO] Attaching agents: []

  .   ____          _            __ _ _
 /\\ / ___'_ __ _ _(_)_ __  __ _ \ \ \ \
( ( )\___ | '_ | '_| | '_ \/ _` | \ \ \ \
 \\/  ___)| |_)| | | | | || (_| |  ) ) ) )
  '  |____| .__|_| |_|_| |_\__, | / / / /
 =========|_|==============|___/=/_/_/_/

 :: Spring Boot ::                (v3.3.5)

2026-03-25T23:46:10.458+07:00  INFO 4189 --- [           main] c.e.productapi.ProductApiApplication     : Starting ProductApiApplication using Java 17.0.14 with PID 4189 (/home/jersyy/eai/2/product-api/target/classes started by jersyy in /home/jersyy/eai/2/product-api)
2026-03-25T23:46:10.461+07:00  INFO 4189 --- [           main] c.e.productapi.ProductApiApplication     : No active profile set, falling back to 1 default profile: "default"
2026-03-25T23:46:10.919+07:00  INFO 4189 --- [           main] .s.d.r.c.RepositoryConfigurationDelegate : Bootstrapping Spring Data JPA repositories in DEFAULT mode.
2026-03-25T23:46:10.958+07:00  INFO 4189 --- [           main] .s.d.r.c.RepositoryConfigurationDelegate : Finished Spring Data repository scanning in 33 ms. Found 1 JPA repository interface.
2026-03-25T23:46:11.314+07:00  INFO 4189 --- [           main] o.s.b.w.embedded.tomcat.TomcatWebServer  : Tomcat initialized with port 8080 (http)
2026-03-25T23:46:11.334+07:00  INFO 4189 --- [           main] o.apache.catalina.core.StandardService   : Starting service [Tomcat]
2026-03-25T23:46:11.334+07:00  INFO 4189 --- [           main] o.apache.catalina.core.StandardEngine    : Starting Servlet engine: [Apache Tomcat/10.1.31]
2026-03-25T23:46:11.366+07:00  INFO 4189 --- [           main] o.a.c.c.C.[Tomcat].[localhost].[/]       : Initializing Spring embedded WebApplicationContext
2026-03-25T23:46:11.367+07:00  INFO 4189 --- [           main] w.s.c.ServletWebServerApplicationContext : Root WebApplicationContext: initialization completed in 871 ms
2026-03-25T23:46:11.389+07:00  INFO 4189 --- [           main] com.zaxxer.hikari.HikariDataSource       : HikariPool-1 - Starting...
2026-03-25T23:46:11.499+07:00  INFO 4189 --- [           main] com.zaxxer.hikari.pool.HikariPool        : HikariPool-1 - Added connection conn0: url=jdbc:h2:mem:testdb user=SA
2026-03-25T23:46:11.500+07:00  INFO 4189 --- [           main] com.zaxxer.hikari.HikariDataSource       : HikariPool-1 - Start completed.
2026-03-25T23:46:11.515+07:00  INFO 4189 --- [           main] o.s.b.a.h2.H2ConsoleAutoConfiguration    : H2 console available at '/h2-console'. Database available at 'jdbc:h2:mem:testdb'
2026-03-25T23:46:11.588+07:00  INFO 4189 --- [           main] o.hibernate.jpa.internal.util.LogHelper  : HHH000204: Processing PersistenceUnitInfo [name: default]
2026-03-25T23:46:11.619+07:00  INFO 4189 --- [           main] org.hibernate.Version                    : HHH000412: Hibernate ORM core version 6.5.3.Final
2026-03-25T23:46:11.641+07:00  INFO 4189 --- [           main] o.h.c.internal.RegionFactoryInitiator    : HHH000026: Second-level cache disabled
2026-03-25T23:46:11.819+07:00  INFO 4189 --- [           main] o.s.o.j.p.SpringPersistenceUnitInfo      : No LoadTimeWeaver setup: ignoring JPA class transformer
2026-03-25T23:46:12.388+07:00  INFO 4189 --- [           main] o.h.e.t.j.p.i.JtaPlatformInitiator       : HHH000489: No JTA platform available (set 'hibernate.transaction.jta.platform' to enable JTA platform integration)
Hibernate: create table products (id bigint generated by default as identity, name varchar(255) not null, price float(53) not null, stock integer not null, primary key (id))
2026-03-25T23:46:12.437+07:00  INFO 4189 --- [           main] j.LocalContainerEntityManagerFactoryBean : Initialized JPA EntityManagerFactory for persistence unit 'default'
2026-03-25T23:46:12.938+07:00  INFO 4189 --- [           main] o.s.b.w.embedded.tomcat.TomcatWebServer  : Tomcat started on port 8080 (http) with context path '/'
2026-03-25T23:46:12.947+07:00  INFO 4189 --- [           main] c.e.productapi.ProductApiApplication     : Started ProductApiApplication in 2.772 seconds (process running for 3.047)
2026-03-25T23:46:19.540+07:00  INFO 4189 --- [nio-8080-exec-3] o.a.c.c.C.[Tomcat].[localhost].[/]       : Initializing Spring DispatcherServlet 'dispatcherServlet'
2026-03-25T23:46:19.540+07:00  INFO 4189 --- [nio-8080-exec-3] o.s.web.servlet.DispatcherServlet        : Initializing Servlet 'dispatcherServlet'
2026-03-25T23:46:19.541+07:00  INFO 4189 --- [nio-8080-exec-3] o.s.web.servlet.DispatcherServlet        : Completed initialization in 1 ms
Hibernate: select p1_0.id,p1_0.name,p1_0.price,p1_0.stock from products p1_0
Hibernate: insert into products (name,price,stock,id) values (?,?,?,default)
Hibernate: select p1_0.id,p1_0.name,p1_0.price,p1_0.stock from products p1_0
2026-03-25T23:48:08.612+07:00  INFO 4189 --- [ionShutdownHook] j.LocalContainerEntityManagerFactoryBean : Closing JPA EntityManagerFactory for persistence unit 'default'
2026-03-25T23:48:08.614+07:00  INFO 4189 --- [ionShutdownHook] com.zaxxer.hikari.HikariDataSource       : HikariPool-1 - Shutdown initiated...
2026-03-25T23:48:08.616+07:00  INFO 4189 --- [ionShutdownHook] com.zaxxer.hikari.HikariDataSource       : HikariPool-1 - Shutdown completed.
[INFO] ------------------------------------------------------------------------
[INFO] BUILD SUCCESS
[INFO] ------------------------------------------------------------------------
[INFO] Total time:  01:59 min
[INFO] Finished at: 2026-03-25T23:48:08+07:00
[INFO] ------------------------------------------------------------------------
